  Proj2_PRCV.cpp
C:\Users\Pratyaksh Bhalla\source\repos\Proj2_PRCV\Proj2_PRCV.cpp(68,34): warning C4267: 'initializing': conversion from 'size_t' to 'int', possible loss of data
C:\Users\Pratyaksh Bhalla\source\repos\Proj2_PRCV\Proj2_PRCV.cpp(99,23): warning C4305: 'initializing': truncation from 'double' to 'float'
C:\Users\Pratyaksh Bhalla\source\repos\Proj2_PRCV\Proj2_PRCV.cpp(101,36): warning C4267: 'initializing': conversion from 'size_t' to 'int', possible loss of data
C:\Users\Pratyaksh Bhalla\source\repos\Proj2_PRCV\Proj2_PRCV.cpp(168,34): warning C4267: 'initializing': conversion from 'size_t' to 'int', possible loss of data
C:\Users\Pratyaksh Bhalla\source\repos\Proj2_PRCV\Proj2_PRCV.cpp(264,46): warning C4267: 'initializing': conversion from 'size_t' to 'int', possible loss of data
C:\Users\Pratyaksh Bhalla\source\repos\Proj2_PRCV\Proj2_PRCV.cpp(265,43): warning C4267: 'initializing': conversion from 'size_t' to 'int', possible loss of data
C:\Users\Pratyaksh Bhalla\source\repos\Proj2_PRCV\Proj2_PRCV.cpp(266,42): warning C4267: 'initializing': conversion from 'size_t' to 'int', possible loss of data
C:\Users\Pratyaksh Bhalla\source\repos\Proj2_PRCV\Proj2_PRCV.cpp(273,69): warning C4244: '+=': conversion from 'const _Ty' to 'float', possible loss of data
          with
          [
              _Ty=double
          ]
C:\Users\Pratyaksh Bhalla\source\repos\Proj2_PRCV\Proj2_PRCV.cpp(385,53): warning C4267: 'initializing': conversion from 'size_t' to 'int', possible loss of data
C:\Users\Pratyaksh Bhalla\source\repos\Proj2_PRCV\Proj2_PRCV.cpp(409,65): warning C4267: 'initializing': conversion from 'size_t' to 'int', possible loss of data
C:\Program Files (x86)\Microsoft Visual Studio\2019\Community\VC\Tools\MSVC\14.29.30133\include\xmemory(681,47): warning C4244: 'initializing': conversion from 'double' to '_Objty', possible loss of data
          with
          [
              _Objty=float
          ]
C:\Program Files (x86)\Microsoft Visual Studio\2019\Community\VC\Tools\MSVC\14.29.30133\include\xmemory(1619): message : see reference to function template instantiation 'void std::_Default_allocator_traits<_Alloc>::construct<_Ty,double&>(_Alloc &,_Objty *const ,double &)' being compiled
          with
          [
              _Alloc=std::allocator<float>,
              _Ty=float,
              _Objty=float
          ]
C:\Program Files (x86)\Microsoft Visual Studio\2019\Community\VC\Tools\MSVC\14.29.30133\include\xmemory(1620): message : see reference to function template instantiation 'void std::_Default_allocator_traits<_Alloc>::construct<_Ty,double&>(_Alloc &,_Objty *const ,double &)' being compiled
          with
          [
              _Alloc=std::allocator<float>,
              _Ty=float,
              _Objty=float
          ]
C:\Program Files (x86)\Microsoft Visual Studio\2019\Community\VC\Tools\MSVC\14.29.30133\include\xmemory(1659): message : see reference to function template instantiation 'void std::_Uninitialized_backout_al<_Alloc>::_Emplace_back<double&>(double &)' being compiled
          with
          [
              _Alloc=std::allocator<float>
          ]
C:\Program Files (x86)\Microsoft Visual Studio\2019\Community\VC\Tools\MSVC\14.29.30133\include\xmemory(1659): message : see reference to function template instantiation 'void std::_Uninitialized_backout_al<_Alloc>::_Emplace_back<double&>(double &)' being compiled
          with
          [
              _Alloc=std::allocator<float>
          ]
C:\Program Files (x86)\Microsoft Visual Studio\2019\Community\VC\Tools\MSVC\14.29.30133\include\vector(1641): message : see reference to function template instantiation 'float *std::_Uninitialized_copy<_Iter,std::allocator<float>>(const _InIt,const _InIt,float *,_Alloc &)' being compiled
          with
          [
              _Iter=double *,
              _InIt=double *,
              _Alloc=std::allocator<float>
          ]
C:\Program Files (x86)\Microsoft Visual Studio\2019\Community\VC\Tools\MSVC\14.29.30133\include\vector(966): message : see reference to function template instantiation 'float *std::vector<float,std::allocator<float>>::_Ucopy<_Iter>(_Iter,_Iter,float *)' being compiled
          with
          [
              _Iter=double *
          ]
C:\Program Files (x86)\Microsoft Visual Studio\2019\Community\VC\Tools\MSVC\14.29.30133\include\vector(966): message : see reference to function template instantiation 'float *std::vector<float,std::allocator<float>>::_Ucopy<_Iter>(_Iter,_Iter,float *)' being compiled
          with
          [
              _Iter=double *
          ]
C:\Program Files (x86)\Microsoft Visual Studio\2019\Community\VC\Tools\MSVC\14.29.30133\include\vector(1058): message : see reference to function template instantiation 'void std::vector<float,std::allocator<float>>::_Insert_range<double*>(std::_Vector_const_iterator<std::_Vector_val<std::_Simple_types<_Ty>>>,_Iter,_Iter,std::forward_iterator_tag)' being compiled
          with
          [
              _Ty=float,
              _Iter=double *
          ]
C:\Program Files (x86)\Microsoft Visual Studio\2019\Community\VC\Tools\MSVC\14.29.30133\include\vector(1058): message : see reference to function template instantiation 'void std::vector<float,std::allocator<float>>::_Insert_range<double*>(std::_Vector_const_iterator<std::_Vector_val<std::_Simple_types<_Ty>>>,_Iter,_Iter,std::forward_iterator_tag)' being compiled
          with
          [
              _Ty=float,
              _Iter=double *
          ]
C:\Users\Pratyaksh Bhalla\source\repos\Proj2_PRCV\Proj2_PRCV.cpp(253): message : see reference to function template instantiation 'std::_Vector_iterator<std::_Vector_val<std::_Simple_types<_Ty>>> std::vector<_Ty,std::allocator<_Ty>>::insert<std::_Vector_iterator<std::_Vector_val<std::_Simple_types<double>>>,0>(std::_Vector_const_iterator<std::_Vector_val<std::_Simple_types<_Ty>>>,_Iter,_Iter)' being compiled
          with
          [
              _Ty=float,
              _Iter=std::_Vector_iterator<std::_Vector_val<std::_Simple_types<double>>>
          ]
C:\Users\Pratyaksh Bhalla\source\repos\Proj2_PRCV\Proj2_PRCV.cpp(253): message : see reference to function template instantiation 'std::_Vector_iterator<std::_Vector_val<std::_Simple_types<_Ty>>> std::vector<_Ty,std::allocator<_Ty>>::insert<std::_Vector_iterator<std::_Vector_val<std::_Simple_types<double>>>,0>(std::_Vector_const_iterator<std::_Vector_val<std::_Simple_types<_Ty>>>,_Iter,_Iter)' being compiled
          with
          [
              _Ty=float,
              _Iter=std::_Vector_iterator<std::_Vector_val<std::_Simple_types<double>>>
          ]
  Proj2_PRCV.vcxproj -> C:\Users\Pratyaksh Bhalla\source\repos\Proj2_PRCV\x64\Debug\Proj2_PRCV.exe
