  ObjectRecognition2d.cpp
C:\Users\Pratyaksh Bhalla\source\repos\ObjectRecognition2d\ObjectRecognition2d.cpp(106,31): warning C4244: 'argument': conversion from 'double' to '_Tp', possible loss of data
          with
          [
              _Tp=float
          ]
C:\Users\Pratyaksh Bhalla\source\repos\ObjectRecognition2d\ObjectRecognition2d.cpp(106,24): warning C4244: 'argument': conversion from 'double' to '_Tp', possible loss of data
          with
          [
              _Tp=float
          ]
C:\Users\Pratyaksh Bhalla\source\repos\ObjectRecognition2d\ObjectRecognition2d.cpp(107,70): warning C4244: 'argument': conversion from 'double' to '_Tp', possible loss of data
          with
          [
              _Tp=float
          ]
C:\Users\Pratyaksh Bhalla\source\repos\ObjectRecognition2d\ObjectRecognition2d.cpp(107,36): warning C4244: 'argument': conversion from 'double' to '_Tp', possible loss of data
          with
          [
              _Tp=float
          ]
C:\Users\Pratyaksh Bhalla\source\repos\ObjectRecognition2d\ObjectRecognition2d.cpp(108,70): warning C4244: 'argument': conversion from 'double' to '_Tp', possible loss of data
          with
          [
              _Tp=float
          ]
C:\Users\Pratyaksh Bhalla\source\repos\ObjectRecognition2d\ObjectRecognition2d.cpp(108,36): warning C4244: 'argument': conversion from 'double' to '_Tp', possible loss of data
          with
          [
              _Tp=float
          ]
  ObjectRecognition2d.vcxproj -> C:\Users\Pratyaksh Bhalla\source\repos\ObjectRecognition2d\x64\Debug\ObjectRecognition2d.exe
